<?xml version="1.0" encoding="UTF-8"?>
<!-- Generated by org.testng.reporters.JUnitReportReporter -->
<testsuite hostname="DESKTOP-VGGSNB7" failures="0" tests="1" name="driverFactory.AppTest" time="78.059" errors="0" timestamp="2023-02-08T15:19:40 IST" skipped="0">
  <testcase classname="driverFactory.AppTest" name="kickStrat" time="78.059"/>
  <system-out/>
</testsuite> <!-- driverFactory.AppTest -->
